#
# A fatal error has been detected by the Java Runtime Environment:
#
#  SIGSEGV (0xb) at pc=0x0000000120d08adb, pid=43895, tid=74063
#
# JRE version: OpenJDK Runtime Environment (11.0.2+9) (build 11.0.2+9)
# Java VM: OpenJDK 64-Bit Server VM (11.0.2+9, mixed mode, tiered, compressed oops, g1 gc, bsd-amd64)
# Problematic frame:
# C  [libawt_lwawt.dylib+0x1badb]  OGLSD_SetScratchSurface+0x1f
#
# No core dump will be written. Core dumps have been disabled. To enable core dumping, try "ulimit -c unlimited" before starting Java again
#
# If you would like to submit a bug report, please visit:
#   http://bugreport.java.com/bugreport/crash.jsp
# The crash happened outside the Java Virtual Machine in native code.
# See problematic frame for where to report the bug.
#

---------------  S U M M A R Y ------------

Command Line: -ea -agentlib:jdwp=transport=dt_socket,address=127.0.0.1:49556 -Dfile.encoding=UTF-8 bluej.runtime.ExecServer UTF-8

Host: MacBookAir7,2 x86_64 2200 MHz, 4 cores, 8G, Darwin 17.7.0
Time: Wed May 19 13:27:26 2021 EDT elapsed time: 2705 seconds (0d 0h 45m 5s)

---------------  T H R E A D  ---------------

Current thread (0x00007faa228a7800):  JavaThread "Java2D Queue Flusher" daemon [_thread_in_native, id=74063, stack(0x000070000cc7e000,0x000070000cd7e000)]

Stack: [0x000070000cc7e000,0x000070000cd7e000],  sp=0x000070000cd7d830,  free space=1022k
Native frames: (J=compiled Java code, A=aot compiled Java code, j=interpreted, Vv=VM code, C=native code)
C  [libawt_lwawt.dylib+0x1badb]  OGLSD_SetScratchSurface+0x1f
C  [libawt_lwawt.dylib+0x3ffae]  Java_sun_java2d_opengl_OGLRenderQueue_flushBuffer+0x94a
J 1490  sun.java2d.opengl.OGLRenderQueue.flushBuffer(JI)V java.desktop@11.0.2 (0 bytes) @ 0x0000000111810afd [0x0000000111810a40+0x00000000000000bd]
J 1478 c1 sun.java2d.opengl.OGLRenderQueue.flushBuffer()V java.desktop@11.0.2 (41 bytes) @ 0x000000010a5131ac [0x000000010a513080+0x000000000000012c]
j  sun.java2d.opengl.OGLRenderQueue$QueueFlusher.run()V+81 java.desktop@11.0.2
j  java.lang.Thread.run()V+11 java.base@11.0.2
v  ~StubRoutines::call_stub
V  [libjvm.dylib+0x39b736]  JavaCalls::call_helper(JavaValue*, methodHandle const&, JavaCallArguments*, Thread*)+0x21a
V  [libjvm.dylib+0x39ab80]  JavaCalls::call_virtual(JavaValue*, Klass*, Symbol*, Symbol*, JavaCallArguments*, Thread*)+0xee
V  [libjvm.dylib+0x39ac3c]  JavaCalls::call_virtual(JavaValue*, Handle, Klass*, Symbol*, Symbol*, Thread*)+0x62
V  [libjvm.dylib+0x41e818]  thread_entry(JavaThread*, Thread*)+0x78
V  [libjvm.dylib+0x6ed196]  JavaThread::thread_main_inner()+0x82
V  [libjvm.dylib+0x6ecfe1]  JavaThread::run()+0x1ab
V  [libjvm.dylib+0x5f00f3]  thread_native_entry(Thread*)+0x135
C  [libsystem_pthread.dylib+0x3661]  _pthread_body+0x154
C  [libsystem_pthread.dylib+0x350d]  _pthread_body+0x0
C  [libsystem_pthread.dylib+0x2bf9]  thread_start+0xd

Java frames: (J=compiled Java code, j=interpreted, Vv=VM code)
J 1490  sun.java2d.opengl.OGLRenderQueue.flushBuffer(JI)V java.desktop@11.0.2 (0 bytes) @ 0x0000000111810a88 [0x0000000111810a40+0x0000000000000048]
J 1478 c1 sun.java2d.opengl.OGLRenderQueue.flushBuffer()V java.desktop@11.0.2 (41 bytes) @ 0x000000010a5131ac [0x000000010a513080+0x000000000000012c]
j  sun.java2d.opengl.OGLRenderQueue$QueueFlusher.run()V+81 java.desktop@11.0.2
j  java.lang.Thread.run()V+11 java.base@11.0.2
v  ~StubRoutines::call_stub

siginfo: si_signo: 11 (SIGSEGV), si_code: 1 (SEGV_MAPERR), si_addr: 0x0000000000000002

Register to memory mapping:

RAX=0x00007faa20ca7f10 points into unknown readable memory: f0 90 92 25 aa 7f 00 00
RBX=0x00007faa20d65690 points into unknown readable memory: 88 c9 0d a2 fa 07 00 40
RCX=0x0000000000000047 is an unknown value
RDX=0x0000000120d2cf8b: Java_sun_java2d_opengl_OGLRenderQueue_flushBuffer+0x927 in /private/var/folders/q3/2c6cjlhj3s35wm9k8zx0ym0c0000gn/T/AppTranslocation/FE4A3532-1636-4580-9D0F-92F0213400C5/d/BlueJ.app/Contents/JDK/Home/lib/libawt_lwawt.dylib at 0x0000000120ced000
RSP=0x000070000cd7d830 is pointing into the stack for thread: 0x00007faa228a7800
RBP=0x000070000cd7d860 is pointing into the stack for thread: 0x00007faa228a7800
RSI=0x00007faa20d65690 points into unknown readable memory: 88 c9 0d a2 fa 07 00 40
RDI=0x00007faa228a7b40 points into unknown readable memory: e0 30 30 01 01 00 00 00
R8 =0x000000000000075d is an unknown value
R9 =0xffffffff00000000 is an unknown value
R10=0x0000000111810a88 is at entry_point+72 in (nmethod*)0x0000000111810890
R11=0x000000010a5130a0 is at entry_point+32 in (nmethod*)0x000000010a512e90
R12=0x00007faa22a4c010 points into unknown readable memory: 5a 00 00 00 49 00 00 00
R13=0x0000000000000002 is an unknown value
R14=0x0000000120d2d21c: Java_sun_java2d_opengl_OGLRenderQueue_flushBuffer+0xbb8 in /private/var/folders/q3/2c6cjlhj3s35wm9k8zx0ym0c0000gn/T/AppTranslocation/FE4A3532-1636-4580-9D0F-92F0213400C5/d/BlueJ.app/Contents/JDK/Home/lib/libawt_lwawt.dylib at 0x0000000120ced000
R15=0x00007faa228a7b40 points into unknown readable memory: e0 30 30 01 01 00 00 00


Registers:
RAX=0x00007faa20ca7f10, RBX=0x00007faa20d65690, RCX=0x0000000000000047, RDX=0x0000000120d2cf8b
RSP=0x000070000cd7d830, RBP=0x000070000cd7d860, RSI=0x00007faa20d65690, RDI=0x00007faa228a7b40
R8 =0x000000000000075d, R9 =0xffffffff00000000, R10=0x0000000111810a88, R11=0x000000010a5130a0
R12=0x00007faa22a4c010, R13=0x0000000000000002, R14=0x0000000120d2d21c, R15=0x00007faa228a7b40
RIP=0x0000000120d08adb, EFLAGS=0x0000000000010202, ERR=0x0000000000000004
  TRAPNO=0x000000000000000e

Top of Stack: (sp=0x000070000cd7d830)
0x000070000cd7d830:   00007faa20ca7f10 00007faa20d65690
0x000070000cd7d840:   00007faa22a4c010 00007faa22a4c020
0x000070000cd7d850:   0000000120d2d21c 00007faa228a7b40
0x000070000cd7d860:   000070000cd7d8c0 0000000120d2cfae
0x000070000cd7d870:   000070000cd7d890 0000000101107f13
0x000070000cd7d880:   0000000101358901 00000000228a7800
0x000070000cd7d890:   000070000cd7d8b0 000000078375ee78
0x000070000cd7d8a0:   0000000000000000 000070000cd7d9b0
0x000070000cd7d8b0:   0000000000000000 00007faa228a7800
0x000070000cd7d8c0:   000070000cd7d910 0000000111810afd
0x000070000cd7d8d0:   000000078375ee78 0000000100e129a0
0x000070000cd7d8e0:   0000000100000005 00007faa228a7800
0x000070000cd7d8f0:   000070000cd7d901 00007faa20fd3290
0x000070000cd7d900:   000070000cd7db00 00007faa228a7800
0x000070000cd7d910:   000070000cd7da10 000000010a5131ac
0x000070000cd7d920:   000070000cd7da38 00007faa228a7800
0x000070000cd7d930:   000070000cd7d980 00000001117950fb
0x000070000cd7d940:   0000000783757198 00000001118081f9
0x000070000cd7d950:   0000000783757198 000070000cd7d958
0x000070000cd7d960:   0000000126258934 000070000cd7d9b0
0x000070000cd7d970:   000000078375ee78 0000000000000020
0x000070000cd7d980:   000070000cd7da10 0000000109cabd1c
0x000070000cd7d990:   000070000cd7da10 0000000109cabd1c
0x000070000cd7d9a0:   0000000000000064 0000000109cabd1c
0x000070000cd7d9b0:   000000078375ee78 0000000000000001
0x000070000cd7d9c0:   0000000783757198 000070000cd7d9b8
0x000070000cd7d9d0:   0000000124e1a1e9 000070000cd7da38
0x000070000cd7d9e0:   0000000124e1a400 0000000000000000
0x000070000cd7d9f0:   00000007837571b8 0000000124e1a328
0x000070000cd7da00:   000070000cd7d9b0 000070000cd7da38
0x000070000cd7da10:   000070000cd7da88 0000000109cabdf0
0x000070000cd7da20:   0000000000000000 0000000000000000 

Instructions: (pc=0x0000000120d08adb)
0x0000000120d08abb:   c3 55 48 89 e5 41 57 41 56 41 55 41 54 53 50 49
0x0000000120d08acb:   89 ff 48 85 f6 74 57 4c 8b 6e 10 4d 85 ed 74 57
0x0000000120d08adb:   49 8b 5d 00 31 c0 e8 2e da 02 00 49 89 c6 48 8b
0x0000000120d08aeb:   3b 48 8b 35 bd 54 05 00 ff 15 2f 8a 04 00 48 85 

Stack slot to memory mapping:
stack at sp + 0 slots: 0x00007faa20ca7f10 points into unknown readable memory: f0 90 92 25 aa 7f 00 00
stack at sp + 1 slots: 0x00007faa20d65690 points into unknown readable memory: 88 c9 0d a2 fa 07 00 40
stack at sp + 2 slots: 0x00007faa22a4c010 points into unknown readable memory: 5a 00 00 00 49 00 00 00
stack at sp + 3 slots: 0x00007faa22a4c020 points into unknown readable memory: 00 00 00 00 20 03 00 00
stack at sp + 4 slots: 0x0000000120d2d21c: Java_sun_java2d_opengl_OGLRenderQueue_flushBuffer+0xbb8 in /private/var/folders/q3/2c6cjlhj3s35wm9k8zx0ym0c0000gn/T/AppTranslocation/FE4A3532-1636-4580-9D0F-92F0213400C5/d/BlueJ.app/Contents/JDK/Home/lib/libawt_lwawt.dylib at 0x0000000120ced000
stack at sp + 5 slots: 0x00007faa228a7b40 points into unknown readable memory: e0 30 30 01 01 00 00 00
stack at sp + 6 slots: 0x000070000cd7d8c0 is pointing into the stack for thread: 0x00007faa228a7800
stack at sp + 7 slots: 0x0000000120d2cfae: Java_sun_java2d_opengl_OGLRenderQueue_flushBuffer+0x94a in /private/var/folders/q3/2c6cjlhj3s35wm9k8zx0ym0c0000gn/T/AppTranslocation/FE4A3532-1636-4580-9D0F-92F0213400C5/d/BlueJ.app/Contents/JDK/Home/lib/libawt_lwawt.dylib at 0x0000000120ced000


---------------  P R O C E S S  ---------------

Threads class SMR info:
_java_thread_list=0x00007faa20c82f40, length=19, elements={
0x00007faa22813000, 0x00007faa220b8800, 0x00007faa220cb000, 0x00007faa22829800,
0x00007faa21025800, 0x00007faa21010800, 0x00007faa21036000, 0x00007faa2181b800,
0x00007faa2181a800, 0x00007faa2181f000, 0x00007faa2184e800, 0x00007faa2294e800,
0x00007faa21129000, 0x00007faa2112f000, 0x00007faa228a7800, 0x00007faa211d2800,
0x00007faa22638800, 0x00007faa278f1000, 0x00007faa2728d000
}

Java Threads: ( => current thread )
  0x00007faa22813000 JavaThread "Reference Handler" daemon [_thread_blocked, id=18691, stack(0x000070000bed4000,0x000070000bfd4000)]
  0x00007faa220b8800 JavaThread "Finalizer" daemon [_thread_blocked, id=18435, stack(0x000070000bfd7000,0x000070000c0d7000)]
  0x00007faa220cb000 JavaThread "Signal Dispatcher" daemon [_thread_blocked, id=16391, stack(0x000070000c0da000,0x000070000c1da000)]
  0x00007faa22829800 JavaThread "C2 CompilerThread0" daemon [_thread_in_native, id=15875, stack(0x000070000c1dd000,0x000070000c2dd000)]
  0x00007faa21025800 JavaThread "C1 CompilerThread0" daemon [_thread_blocked, id=22019, stack(0x000070000c2e0000,0x000070000c3e0000)]
  0x00007faa21010800 JavaThread "Sweeper thread" daemon [_thread_blocked, id=22787, stack(0x000070000c3e3000,0x000070000c4e3000)]
  0x00007faa21036000 JavaThread "JDWP Transport Listener: dt_socket" daemon [_thread_blocked, id=23043, stack(0x000070000c4e6000,0x000070000c5e6000)]
  0x00007faa2181b800 JavaThread "JDWP Event Helper Thread" daemon [_thread_blocked, id=23299, stack(0x000070000c5e9000,0x000070000c6e9000)]
  0x00007faa2181a800 JavaThread "JDWP Command Reader" daemon [_thread_in_native, id=41987, stack(0x000070000c6ec000,0x000070000c7ec000)]
  0x00007faa2181f000 JavaThread "Service Thread" daemon [_thread_blocked, id=41475, stack(0x000070000c7ef000,0x000070000c8ef000)]
  0x00007faa2184e800 JavaThread "Common-Cleaner" daemon [_thread_blocked, id=40963, stack(0x000070000c9f5000,0x000070000caf5000)]
  0x00007faa2294e800 JavaThread "AppKit Thread" daemon [_thread_in_native, id=775, stack(0x00007ffeef335000,0x00007ffeefb35000)]
  0x00007faa21129000 JavaThread "BlueJ worker thread" [_thread_blocked, id=75011, stack(0x000070000cf0a000,0x000070000d00a000)]
  0x00007faa2112f000 JavaThread "DestroyJavaVM" [_thread_blocked, id=8963, stack(0x0000000101747000,0x0000000101847000)]
=>0x00007faa228a7800 JavaThread "Java2D Queue Flusher" daemon [_thread_in_native, id=74063, stack(0x000070000cc7e000,0x000070000cd7e000)]
  0x00007faa211d2800 JavaThread "Java2D Disposer" daemon [_thread_blocked, id=55811, stack(0x000070000d213000,0x000070000d313000)]
  0x00007faa22638800 JavaThread "main" [_thread_in_Java, id=66875, stack(0x000070000d110000,0x000070000d210000)]
  0x00007faa278f1000 JavaThread "AWT-Shutdown" [_thread_blocked, id=72043, stack(0x000070000d316000,0x000070000d416000)]
  0x00007faa2728d000 JavaThread "AWT-EventQueue-0" [_thread_blocked, id=1611, stack(0x000070000d5a2000,0x000070000d6a2000)]

Other Threads:
  0x00007faa220b7800 VMThread "VM Thread" [stack: 0x000070000bdd1000,0x000070000bed1000] [id=13059]
  0x00007faa21017800 WatcherThread [stack: 0x000070000c8f2000,0x000070000c9f2000] [id=24323]
  0x00007faa22818800 GCTaskThread "GC Thread#0" [stack: 0x000070000b8c2000,0x000070000b9c2000] [id=11779]
  0x00007faa219d4800 GCTaskThread "GC Thread#1" [stack: 0x000070000caf8000,0x000070000cbf8000] [id=34903]
  0x00007faa2112c000 GCTaskThread "GC Thread#2" [stack: 0x000070000ce07000,0x000070000cf07000] [id=75547]
  0x00007faa219d5800 GCTaskThread "GC Thread#3" [stack: 0x000070000d00d000,0x000070000d10d000] [id=30271]
  0x00007faa22031800 ConcurrentGCThread "G1 Main Marker" [stack: 0x000070000b9c5000,0x000070000bac5000] [id=12035]
  0x00007faa22032800 ConcurrentGCThread "G1 Conc#0" [stack: 0x000070000bac8000,0x000070000bbc8000] [id=19715]
  0x00007faa22083000 ConcurrentGCThread "G1 Refine#0" [stack: 0x000070000bbcb000,0x000070000bccb000] [id=12291]
  0x00007faa21003800 ConcurrentGCThread "G1 Young RemSet Sampling" [stack: 0x000070000bcce000,0x000070000bdce000] [id=19203]

Threads with active compile tasks:
C2 CompilerThread02251 %     4       GaussianElimination::gaussianElimination @ 935 (1257 bytes)

VM state:not at safepoint (normal execution)

VM Mutex/Monitor currently owned by a thread: None

Heap address: 0x0000000780000000, size: 2048 MB, Compressed Oops mode: Zero based, Oop shift amount: 3
Narrow klass base: 0x0000000800000000, Narrow klass shift: 0
Compressed class space size: 1073741824 Address: 0x0000000800000000

Heap:
 garbage-first heap   total 131072K, used 13521K [0x0000000780000000, 0x0000000800000000)
  region size 1024K, 14 young (14336K), 4 survivors (4096K)
 Metaspace       used 16235K, capacity 18268K, committed 18560K, reserved 1064960K
  class space    used 1647K, capacity 2388K, committed 2432K, reserved 1048576K
Heap Regions: E=young(eden), S=young(survivor), O=old, HS=humongous(starts), HC=humongous(continues), CS=collection set, F=free, A=archive, TAMS=top-at-mark-start (previous, next)
|   0|0x0000000780000000, 0x0000000780034400, 0x0000000780100000| 20%| O|  |TAMS 0x0000000780000000, 0x0000000780000000| Untracked 
|   1|0x0000000780100000, 0x0000000780100000, 0x0000000780200000|  0%| F|  |TAMS 0x0000000780100000, 0x0000000780100000| Untracked 
|   2|0x0000000780200000, 0x0000000780200000, 0x0000000780300000|  0%| F|  |TAMS 0x0000000780200000, 0x0000000780200000| Untracked 
|   3|0x0000000780300000, 0x0000000780300000, 0x0000000780400000|  0%| F|  |TAMS 0x0000000780300000, 0x0000000780300000| Untracked 
|   4|0x0000000780400000, 0x0000000780400000, 0x0000000780500000|  0%| F|  |TAMS 0x0000000780400000, 0x0000000780400000| Untracked 
|   5|0x0000000780500000, 0x0000000780500000, 0x0000000780600000|  0%| F|  |TAMS 0x0000000780500000, 0x0000000780500000| Untracked 
|   6|0x0000000780600000, 0x0000000780600000, 0x0000000780700000|  0%| F|  |TAMS 0x0000000780600000, 0x0000000780600000| Untracked 
|   7|0x0000000780700000, 0x0000000780700000, 0x0000000780800000|  0%| F|  |TAMS 0x0000000780700000, 0x0000000780700000| Untracked 
|   8|0x0000000780800000, 0x0000000780800000, 0x0000000780900000|  0%| F|  |TAMS 0x0000000780800000, 0x0000000780800000| Untracked 
|   9|0x0000000780900000, 0x0000000780900000, 0x0000000780a00000|  0%| F|  |TAMS 0x0000000780900000, 0x0000000780900000| Untracked 
|  10|0x0000000780a00000, 0x0000000780a00000, 0x0000000780b00000|  0%| F|  |TAMS 0x0000000780a00000, 0x0000000780a00000| Untracked 
|  11|0x0000000780b00000, 0x0000000780b00000, 0x0000000780c00000|  0%| F|  |TAMS 0x0000000780b00000, 0x0000000780b00000| Untracked 
|  12|0x0000000780c00000, 0x0000000780c00000, 0x0000000780d00000|  0%| F|  |TAMS 0x0000000780c00000, 0x0000000780c00000| Untracked 
|  13|0x0000000780d00000, 0x0000000780d00000, 0x0000000780e00000|  0%| F|  |TAMS 0x0000000780d00000, 0x0000000780d00000| Untracked 
|  14|0x0000000780e00000, 0x0000000780e00000, 0x0000000780f00000|  0%| F|  |TAMS 0x0000000780e00000, 0x0000000780e00000| Untracked 
|  15|0x0000000780f00000, 0x0000000780f00000, 0x0000000781000000|  0%| F|  |TAMS 0x0000000780f00000, 0x0000000780f00000| Untracked 
|  16|0x0000000781000000, 0x0000000781000000, 0x0000000781100000|  0%| F|  |TAMS 0x0000000781000000, 0x0000000781000000| Untracked 
|  17|0x0000000781100000, 0x0000000781100000, 0x0000000781200000|  0%| F|  |TAMS 0x0000000781100000, 0x0000000781100000| Untracked 
|  18|0x0000000781200000, 0x0000000781200000, 0x0000000781300000|  0%| F|  |TAMS 0x0000000781200000, 0x0000000781200000| Untracked 
|  19|0x0000000781300000, 0x0000000781300000, 0x0000000781400000|  0%| F|  |TAMS 0x0000000781300000, 0x0000000781300000| Untracked 
|  20|0x0000000781400000, 0x0000000781400000, 0x0000000781500000|  0%| F|  |TAMS 0x0000000781400000, 0x0000000781400000| Untracked 
|  21|0x0000000781500000, 0x0000000781500000, 0x0000000781600000|  0%| F|  |TAMS 0x0000000781500000, 0x0000000781500000| Untracked 
|  22|0x0000000781600000, 0x0000000781600000, 0x0000000781700000|  0%| F|  |TAMS 0x0000000781600000, 0x0000000781600000| Untracked 
|  23|0x0000000781700000, 0x0000000781700000, 0x0000000781800000|  0%| F|  |TAMS 0x0000000781700000, 0x0000000781700000| Untracked 
|  24|0x0000000781800000, 0x0000000781800000, 0x0000000781900000|  0%| F|  |TAMS 0x0000000781800000, 0x0000000781800000| Untracked 
|  25|0x0000000781900000, 0x0000000781900000, 0x0000000781a00000|  0%| F|  |TAMS 0x0000000781900000, 0x0000000781900000| Untracked 
|  26|0x0000000781a00000, 0x0000000781a00000, 0x0000000781b00000|  0%| F|  |TAMS 0x0000000781a00000, 0x0000000781a00000| Untracked 
|  27|0x0000000781b00000, 0x0000000781b00000, 0x0000000781c00000|  0%| F|  |TAMS 0x0000000781b00000, 0x0000000781b00000| Untracked 
|  28|0x0000000781c00000, 0x0000000781c00000, 0x0000000781d00000|  0%| F|  |TAMS 0x0000000781c00000, 0x0000000781c00000| Untracked 
|  29|0x0000000781d00000, 0x0000000781d00000, 0x0000000781e00000|  0%| F|  |TAMS 0x0000000781d00000, 0x0000000781d00000| Untracked 
|  30|0x0000000781e00000, 0x0000000781e00000, 0x0000000781f00000|  0%| F|  |TAMS 0x0000000781e00000, 0x0000000781e00000| Untracked 
|  31|0x0000000781f00000, 0x0000000781f00000, 0x0000000782000000|  0%| F|  |TAMS 0x0000000781f00000, 0x0000000781f00000| Untracked 
|  32|0x0000000782000000, 0x0000000782000000, 0x0000000782100000|  0%| F|  |TAMS 0x0000000782000000, 0x0000000782000000| Untracked 
|  33|0x0000000782100000, 0x0000000782100000, 0x0000000782200000|  0%| F|  |TAMS 0x0000000782100000, 0x0000000782100000| Untracked 
|  34|0x0000000782200000, 0x0000000782200000, 0x0000000782300000|  0%| F|  |TAMS 0x0000000782200000, 0x0000000782200000| Untracked 
|  35|0x0000000782300000, 0x0000000782300000, 0x0000000782400000|  0%| F|  |TAMS 0x0000000782300000, 0x0000000782300000| Untracked 
|  36|0x0000000782400000, 0x0000000782400000, 0x0000000782500000|  0%| F|  |TAMS 0x0000000782400000, 0x0000000782400000| Untracked 
|  37|0x0000000782500000, 0x0000000782500000, 0x0000000782600000|  0%| F|  |TAMS 0x0000000782500000, 0x0000000782500000| Untracked 
|  38|0x0000000782600000, 0x0000000782600000, 0x0000000782700000|  0%| F|  |TAMS 0x0000000782600000, 0x0000000782600000| Untracked 
|  39|0x0000000782700000, 0x0000000782700000, 0x0000000782800000|  0%| F|  |TAMS 0x0000000782700000, 0x0000000782700000| Untracked 
|  40|0x0000000782800000, 0x0000000782800000, 0x0000000782900000|  0%| F|  |TAMS 0x0000000782800000, 0x0000000782800000| Untracked 
|  41|0x0000000782900000, 0x0000000782900000, 0x0000000782a00000|  0%| F|  |TAMS 0x0000000782900000, 0x0000000782900000| Untracked 
|  42|0x0000000782a00000, 0x0000000782a00000, 0x0000000782b00000|  0%| F|  |TAMS 0x0000000782a00000, 0x0000000782a00000| Untracked 
|  43|0x0000000782b00000, 0x0000000782b00000, 0x0000000782c00000|  0%| F|  |TAMS 0x0000000782b00000, 0x0000000782b00000| Untracked 
|  44|0x0000000782c00000, 0x0000000782c00000, 0x0000000782d00000|  0%| F|  |TAMS 0x0000000782c00000, 0x0000000782c00000| Untracked 
|  45|0x0000000782d00000, 0x0000000782d00000, 0x0000000782e00000|  0%| F|  |TAMS 0x0000000782d00000, 0x0000000782d00000| Untracked 
|  46|0x0000000782e00000, 0x0000000782e00000, 0x0000000782f00000|  0%| F|  |TAMS 0x0000000782e00000, 0x0000000782e00000| Untracked 
|  47|0x0000000782f00000, 0x0000000782f00000, 0x0000000783000000|  0%| F|  |TAMS 0x0000000782f00000, 0x0000000782f00000| Untracked 
|  48|0x0000000783000000, 0x0000000783000000, 0x0000000783100000|  0%| F|  |TAMS 0x0000000783000000, 0x0000000783000000| Untracked 
|  49|0x0000000783100000, 0x0000000783100000, 0x0000000783200000|  0%| F|  |TAMS 0x0000000783100000, 0x0000000783100000| Untracked 
|  50|0x0000000783200000, 0x0000000783200000, 0x0000000783300000|  0%| F|  |TAMS 0x0000000783200000, 0x0000000783200000| Untracked 
|  51|0x0000000783300000, 0x0000000783300000, 0x0000000783400000|  0%| F|  |TAMS 0x0000000783300000, 0x0000000783300000| Untracked 
|  52|0x0000000783400000, 0x0000000783500000, 0x0000000783500000|100%| S|CS|TAMS 0x0000000783400000, 0x0000000783400000| Complete 
|  53|0x0000000783500000, 0x0000000783600000, 0x0000000783600000|100%| S|CS|TAMS 0x0000000783500000, 0x0000000783500000| Complete 
|  54|0x0000000783600000, 0x0000000783700000, 0x0000000783700000|100%| S|CS|TAMS 0x0000000783600000, 0x0000000783600000| Complete 
|  55|0x0000000783700000, 0x0000000783800000, 0x0000000783800000|100%| S|CS|TAMS 0x0000000783700000, 0x0000000783700000| Complete 
|  56|0x0000000783800000, 0x0000000783800000, 0x0000000783900000|  0%| F|  |TAMS 0x0000000783800000, 0x0000000783800000| Untracked 
|  57|0x0000000783900000, 0x0000000783900000, 0x0000000783a00000|  0%| F|  |TAMS 0x0000000783900000, 0x0000000783900000| Untracked 
|  58|0x0000000783a00000, 0x0000000783a00000, 0x0000000783b00000|  0%| F|  |TAMS 0x0000000783a00000, 0x0000000783a00000| Untracked 
|  59|0x0000000783b00000, 0x0000000783b00000, 0x0000000783c00000|  0%| F|  |TAMS 0x0000000783b00000, 0x0000000783b00000| Untracked 
|  60|0x0000000783c00000, 0x0000000783c00000, 0x0000000783d00000|  0%| F|  |TAMS 0x0000000783c00000, 0x0000000783c00000| Untracked 
|  61|0x0000000783d00000, 0x0000000783d00000, 0x0000000783e00000|  0%| F|  |TAMS 0x0000000783d00000, 0x0000000783d00000| Untracked 
|  62|0x0000000783e00000, 0x0000000783e00000, 0x0000000783f00000|  0%| F|  |TAMS 0x0000000783e00000, 0x0000000783e00000| Untracked 
|  63|0x0000000783f00000, 0x0000000783f00000, 0x0000000784000000|  0%| F|  |TAMS 0x0000000783f00000, 0x0000000783f00000| Untracked 
|  64|0x0000000784000000, 0x0000000784000000, 0x0000000784100000|  0%| F|  |TAMS 0x0000000784000000, 0x0000000784000000| Untracked 
|  65|0x0000000784100000, 0x0000000784100000, 0x0000000784200000|  0%| F|  |TAMS 0x0000000784100000, 0x0000000784100000| Untracked 
|  66|0x0000000784200000, 0x0000000784200000, 0x0000000784300000|  0%| F|  |TAMS 0x0000000784200000, 0x0000000784200000| Untracked 
|  67|0x0000000784300000, 0x0000000784300000, 0x0000000784400000|  0%| F|  |TAMS 0x0000000784300000, 0x0000000784300000| Untracked 
|  68|0x0000000784400000, 0x0000000784400000, 0x0000000784500000|  0%| F|  |TAMS 0x0000000784400000, 0x0000000784400000| Untracked 
|  69|0x0000000784500000, 0x0000000784500000, 0x0000000784600000|  0%| F|  |TAMS 0x0000000784500000, 0x0000000784500000| Untracked 
|  70|0x0000000784600000, 0x0000000784600000, 0x0000000784700000|  0%| F|  |TAMS 0x0000000784600000, 0x0000000784600000| Untracked 
|  71|0x0000000784700000, 0x0000000784700000, 0x0000000784800000|  0%| F|  |TAMS 0x0000000784700000, 0x0000000784700000| Untracked 
|  72|0x0000000784800000, 0x0000000784800000, 0x0000000784900000|  0%| F|  |TAMS 0x0000000784800000, 0x0000000784800000| Untracked 
|  73|0x0000000784900000, 0x0000000784900000, 0x0000000784a00000|  0%| F|  |TAMS 0x0000000784900000, 0x0000000784900000| Untracked 
|  74|0x0000000784a00000, 0x0000000784a00000, 0x0000000784b00000|  0%| F|  |TAMS 0x0000000784a00000, 0x0000000784a00000| Untracked 
|  75|0x0000000784b00000, 0x0000000784b00000, 0x0000000784c00000|  0%| F|  |TAMS 0x0000000784b00000, 0x0000000784b00000| Untracked 
|  76|0x0000000784c00000, 0x0000000784c00000, 0x0000000784d00000|  0%| F|  |TAMS 0x0000000784c00000, 0x0000000784c00000| Untracked 
|  77|0x0000000784d00000, 0x0000000784d00000, 0x0000000784e00000|  0%| F|  |TAMS 0x0000000784d00000, 0x0000000784d00000| Untracked 
|  78|0x0000000784e00000, 0x0000000784e00000, 0x0000000784f00000|  0%| F|  |TAMS 0x0000000784e00000, 0x0000000784e00000| Untracked 
|  79|0x0000000784f00000, 0x0000000784f00000, 0x0000000785000000|  0%| F|  |TAMS 0x0000000784f00000, 0x0000000784f00000| Untracked 
|  80|0x0000000785000000, 0x0000000785000000, 0x0000000785100000|  0%| F|  |TAMS 0x0000000785000000, 0x0000000785000000| Untracked 
|  81|0x0000000785100000, 0x0000000785100000, 0x0000000785200000|  0%| F|  |TAMS 0x0000000785100000, 0x0000000785100000| Untracked 
|  82|0x0000000785200000, 0x0000000785200000, 0x0000000785300000|  0%| F|  |TAMS 0x0000000785200000, 0x0000000785200000| Untracked 
|  83|0x0000000785300000, 0x0000000785300000, 0x0000000785400000|  0%| F|  |TAMS 0x0000000785300000, 0x0000000785300000| Untracked 
|  84|0x0000000785400000, 0x0000000785400000, 0x0000000785500000|  0%| F|  |TAMS 0x0000000785400000, 0x0000000785400000| Untracked 
|  85|0x0000000785500000, 0x0000000785500000, 0x0000000785600000|  0%| F|  |TAMS 0x0000000785500000, 0x0000000785500000| Untracked 
|  86|0x0000000785600000, 0x0000000785600000, 0x0000000785700000|  0%| F|  |TAMS 0x0000000785600000, 0x0000000785600000| Untracked 
|  87|0x0000000785700000, 0x0000000785700000, 0x0000000785800000|  0%| F|  |TAMS 0x0000000785700000, 0x0000000785700000| Untracked 
|  88|0x0000000785800000, 0x0000000785800000, 0x0000000785900000|  0%| F|  |TAMS 0x0000000785800000, 0x0000000785800000| Untracked 
|  89|0x0000000785900000, 0x0000000785900000, 0x0000000785a00000|  0%| F|  |TAMS 0x0000000785900000, 0x0000000785900000| Untracked 
|  90|0x0000000785a00000, 0x0000000785a00000, 0x0000000785b00000|  0%| F|  |TAMS 0x0000000785a00000, 0x0000000785a00000| Untracked 
|  91|0x0000000785b00000, 0x0000000785b00000, 0x0000000785c00000|  0%| F|  |TAMS 0x0000000785b00000, 0x0000000785b00000| Untracked 
|  92|0x0000000785c00000, 0x0000000785c00000, 0x0000000785d00000|  0%| F|  |TAMS 0x0000000785c00000, 0x0000000785c00000| Untracked 
|  93|0x0000000785d00000, 0x0000000785d00000, 0x0000000785e00000|  0%| F|  |TAMS 0x0000000785d00000, 0x0000000785d00000| Untracked 
|  94|0x0000000785e00000, 0x0000000785e00000, 0x0000000785f00000|  0%| F|  |TAMS 0x0000000785e00000, 0x0000000785e00000| Untracked 
|  95|0x0000000785f00000, 0x0000000785f00000, 0x0000000786000000|  0%| F|  |TAMS 0x0000000785f00000, 0x0000000785f00000| Untracked 
|  96|0x0000000786000000, 0x0000000786000000, 0x0000000786100000|  0%| F|  |TAMS 0x0000000786000000, 0x0000000786000000| Untracked 
|  97|0x0000000786100000, 0x0000000786100000, 0x0000000786200000|  0%| F|  |TAMS 0x0000000786100000, 0x0000000786100000| Untracked 
|  98|0x0000000786200000, 0x0000000786200000, 0x0000000786300000|  0%| F|  |TAMS 0x0000000786200000, 0x0000000786200000| Untracked 
|  99|0x0000000786300000, 0x0000000786300000, 0x0000000786400000|  0%| F|  |TAMS 0x0000000786300000, 0x0000000786300000| Untracked 
| 100|0x0000000786400000, 0x0000000786400000, 0x0000000786500000|  0%| F|  |TAMS 0x0000000786400000, 0x0000000786400000| Untracked 
| 101|0x0000000786500000, 0x0000000786500000, 0x0000000786600000|  0%| F|  |TAMS 0x0000000786500000, 0x0000000786500000| Untracked 
| 102|0x0000000786600000, 0x0000000786600000, 0x0000000786700000|  0%| F|  |TAMS 0x0000000786600000, 0x0000000786600000| Untracked 
| 103|0x0000000786700000, 0x0000000786700000, 0x0000000786800000|  0%| F|  |TAMS 0x0000000786700000, 0x0000000786700000| Untracked 
| 104|0x0000000786800000, 0x0000000786800000, 0x0000000786900000|  0%| F|  |TAMS 0x0000000786800000, 0x0000000786800000| Untracked 
| 105|0x0000000786900000, 0x0000000786900000, 0x0000000786a00000|  0%| F|  |TAMS 0x0000000786900000, 0x0000000786900000| Untracked 
| 106|0x0000000786a00000, 0x0000000786a00000, 0x0000000786b00000|  0%| F|  |TAMS 0x0000000786a00000, 0x0000000786a00000| Untracked 
| 107|0x0000000786b00000, 0x0000000786b00000, 0x0000000786c00000|  0%| F|  |TAMS 0x0000000786b00000, 0x0000000786b00000| Untracked 
| 108|0x0000000786c00000, 0x0000000786c00000, 0x0000000786d00000|  0%| F|  |TAMS 0x0000000786c00000, 0x0000000786c00000| Untracked 
| 109|0x0000000786d00000, 0x0000000786d00000, 0x0000000786e00000|  0%| F|  |TAMS 0x0000000786d00000, 0x0000000786d00000| Untracked 
| 110|0x0000000786e00000, 0x0000000786e00000, 0x0000000786f00000|  0%| F|  |TAMS 0x0000000786e00000, 0x0000000786e00000| Untracked 
| 111|0x0000000786f00000, 0x0000000786f00000, 0x0000000787000000|  0%| F|  |TAMS 0x0000000786f00000, 0x0000000786f00000| Untracked 
| 112|0x0000000787000000, 0x0000000787000000, 0x0000000787100000|  0%| F|  |TAMS 0x0000000787000000, 0x0000000787000000| Untracked 
| 113|0x0000000787100000, 0x0000000787100000, 0x0000000787200000|  0%| F|  |TAMS 0x0000000787100000, 0x0000000787100000| Untracked 
| 114|0x0000000787200000, 0x0000000787200000, 0x0000000787300000|  0%| F|  |TAMS 0x0000000787200000, 0x0000000787200000| Untracked 
| 115|0x0000000787300000, 0x0000000787300000, 0x0000000787400000|  0%| F|  |TAMS 0x0000000787300000, 0x0000000787300000| Untracked 
| 116|0x0000000787400000, 0x0000000787400000, 0x0000000787500000|  0%| F|  |TAMS 0x0000000787400000, 0x0000000787400000| Untracked 
| 117|0x0000000787500000, 0x0000000787580ed0, 0x0000000787600000| 50%| E|  |TAMS 0x0000000787500000, 0x0000000787500000| Complete 
| 118|0x0000000787600000, 0x0000000787700000, 0x0000000787700000|100%| E|CS|TAMS 0x0000000787600000, 0x0000000787600000| Complete 
| 119|0x0000000787700000, 0x0000000787800000, 0x0000000787800000|100%| E|CS|TAMS 0x0000000787700000, 0x0000000787700000| Complete 
| 120|0x0000000787800000, 0x0000000787900000, 0x0000000787900000|100%| E|CS|TAMS 0x0000000787800000, 0x0000000787800000| Complete 
| 121|0x0000000787900000, 0x0000000787a00000, 0x0000000787a00000|100%| E|CS|TAMS 0x0000000787900000, 0x0000000787900000| Complete 
| 122|0x0000000787a00000, 0x0000000787b00000, 0x0000000787b00000|100%| E|CS|TAMS 0x0000000787a00000, 0x0000000787a00000| Complete 
| 123|0x0000000787b00000, 0x0000000787c00000, 0x0000000787c00000|100%| E|CS|TAMS 0x0000000787b00000, 0x0000000787b00000| Complete 
| 124|0x0000000787c00000, 0x0000000787d00000, 0x0000000787d00000|100%| E|CS|TAMS 0x0000000787c00000, 0x0000000787c00000| Complete 
| 125|0x0000000787d00000, 0x0000000787e00000, 0x0000000787e00000|100%| E|CS|TAMS 0x0000000787d00000, 0x0000000787d00000| Complete 
| 126|0x0000000787e00000, 0x0000000787f00000, 0x0000000787f00000|100%| E|CS|TAMS 0x0000000787e00000, 0x0000000787e00000| Complete 
| 127|0x0000000787f00000, 0x0000000788000000, 0x0000000788000000|100%| E|CS|TAMS 0x0000000787f00000, 0x0000000787f00000| Complete 

Card table byte_map: [0x0000000119676000,0x0000000119a76000] _byte_map_base: 0x0000000115a76000

Marking Bits (Prev, Next): (CMBitMap*) 0x00007faa22029018, (CMBitMap*) 0x00007faa22029050
 Prev Bits: [0x0000000119e76000, 0x000000011be76000)
 Next Bits: [0x000000011be76000, 0x000000011de76000)

Polling page: 0x000000010013c000

Metaspace:

Usage:
  Non-class:     15.51 MB capacity,    14.25 MB ( 92%) used,     1.21 MB (  8%) free+waste,    51.25 KB ( <1%) overhead. 
      Class:      2.33 MB capacity,     1.61 MB ( 69%) used,   714.34 KB ( 30%) free+waste,    26.56 KB (  1%) overhead. 
       Both:     17.84 MB capacity,    15.85 MB ( 89%) used,     1.91 MB ( 11%) free+waste,    77.81 KB ( <1%) overhead. 

Virtual space:
  Non-class space:       16.00 MB reserved,      15.75 MB ( 98%) committed 
      Class space:        1.00 GB reserved,       2.38 MB ( <1%) committed 
             Both:        1.02 GB reserved,      18.12 MB (  2%) committed 

Chunk freelists:
   Non-Class:  3.00 KB
       Class:  1.50 KB
        Both:  4.50 KB

CodeHeap 'non-profiled nmethods': size=120032Kb used=1539Kb max_used=1539Kb free=118492Kb
 bounds [0x0000000111768000, 0x00000001119d8000, 0x0000000118ca0000]
CodeHeap 'profiled nmethods': size=120032Kb used=3992Kb max_used=3992Kb free=116039Kb
 bounds [0x000000010a230000, 0x000000010a620000, 0x0000000111768000]
CodeHeap 'non-nmethods': size=5696Kb used=1281Kb max_used=1344Kb free=4414Kb
 bounds [0x0000000109ca0000, 0x0000000109f10000, 0x000000010a230000]
 total_blobs=3548 nmethods=2003 adapters=516
 compilation: enabled
              stopped_count=0, restarted_count=0
 full_count=0

Compilation events (10 events):
Event: 2705.786 Thread 0x00007faa22829800 2247       4       sun.nio.cs.StreamEncoder::writeBytes (132 bytes)
Event: 2705.790 Thread 0x00007faa22829800 nmethod 2247 0x00000001118e7e10 code [0x00000001118e7fe0, 0x00000001118e8348]
Event: 2705.794 Thread 0x00007faa226fb800 nmethod 2246 0x00000001118e8610 code [0x00000001118e87e0, 0x00000001118e8fa8]
Event: 2705.806 Thread 0x00007faa21025800 2250 %     3       GaussianElimination::gaussianElimination @ 839 (1257 bytes)
Event: 2705.853 Thread 0x00007faa21025800 nmethod 2250% 0x000000010a5fc510 code [0x000000010a5fe440, 0x000000010a613538]
Event: 2705.855 Thread 0x00007faa22829800 2251 %     4       GaussianElimination::gaussianElimination @ 935 (1257 bytes)
Event: 2705.909 Thread 0x00007faa21025800 2252       3       java.lang.ref.ReferenceQueue::remove (6 bytes)
Event: 2705.909 Thread 0x00007faa21025800 nmethod 2252 0x000000010a475490 code [0x000000010a475640, 0x000000010a475868]
Event: 2705.913 Thread 0x00007faa21025800 2253   !   3       sun.lwawt.macosx.CFRetainedResource::dispose (73 bytes)
Event: 2705.914 Thread 0x00007faa21025800 nmethod 2253 0x000000010a61b590 code [0x000000010a61b7a0, 0x000000010a61bd68]

GC Heap History (6 events):
Event: 148.107 GC heap before
{Heap before GC invocations=0 (full 0):
 garbage-first heap   total 131072K, used 13312K [0x0000000780000000, 0x0000000800000000)
  region size 1024K, 14 young (14336K), 0 survivors (0K)
 Metaspace       used 8517K, capacity 8686K, committed 8832K, reserved 1056768K
  class space    used 794K, capacity 859K, committed 896K, reserved 1048576K
}
Event: 148.116 GC heap after
{Heap after GC invocations=1 (full 0):
 garbage-first heap   total 131072K, used 2257K [0x0000000780000000, 0x0000000800000000)
  region size 1024K, 2 young (2048K), 2 survivors (2048K)
 Metaspace       used 8517K, capacity 8686K, committed 8832K, reserved 1056768K
  class space    used 794K, capacity 859K, committed 896K, reserved 1048576K
}
Event: 2415.895 GC heap before
{Heap before GC invocations=1 (full 0):
 garbage-first heap   total 131072K, used 78033K [0x0000000780000000, 0x0000000800000000)
  region size 1024K, 76 young (77824K), 2 survivors (2048K)
 Metaspace       used 15862K, capacity 17490K, committed 17664K, reserved 1064960K
  class space    used 1610K, capacity 2217K, committed 2304K, reserved 1048576K
}
Event: 2415.917 GC heap after
{Heap after GC invocations=2 (full 0):
 garbage-first heap   total 131072K, used 4199K [0x0000000780000000, 0x0000000800000000)
  region size 1024K, 4 young (4096K), 4 survivors (4096K)
 Metaspace       used 15862K, capacity 17490K, committed 17664K, reserved 1064960K
  class space    used 1610K, capacity 2217K, committed 2304K, reserved 1048576K
}
Event: 2705.889 GC heap before
{Heap before GC invocations=2 (full 0):
 garbage-first heap   total 131072K, used 76903K [0x0000000780000000, 0x0000000800000000)
  region size 1024K, 76 young (77824K), 4 survivors (4096K)
 Metaspace       used 16233K, capacity 18268K, committed 18560K, reserved 1064960K
  class space    used 1647K, capacity 2388K, committed 2432K, reserved 1048576K
}
Event: 2705.907 GC heap after
{Heap after GC invocations=3 (full 0):
 garbage-first heap   total 131072K, used 4305K [0x0000000780000000, 0x0000000800000000)
  region size 1024K, 4 young (4096K), 4 survivors (4096K)
 Metaspace       used 16233K, capacity 18268K, committed 18560K, reserved 1064960K
  class space    used 1647K, capacity 2388K, committed 2432K, reserved 1048576K
}

Deoptimization events (10 events):
Event: 2432.854 Thread 0x00007faa2700e000 Uncommon trap: reason=class_check action=maybe_recompile pc=0x00000001118559f0 method=java.awt.AWTEvent.dispatched()V @ 11 c2
Event: 2432.854 Thread 0x00007faa2700e000 Uncommon trap: reason=class_check action=maybe_recompile pc=0x00000001118680e0 method=java.awt.EventQueue.coalesceEvent(Ljava/awt/AWTEvent;I)Z @ 77 c2
Event: 2432.862 Thread 0x00007faa2700e000 Uncommon trap: reason=class_check action=maybe_recompile pc=0x0000000111879018 method=java.awt.EventQueue.coalesceEvent(Ljava/awt/AWTEvent;I)Z @ 77 c2
Event: 2527.660 Thread 0x00007faa2294e800 Uncommon trap: reason=unstable_if action=reinterpret pc=0x00000001118182f4 method=sun.java2d.pipe.BufferedContext.validate(Lsun/java2d/pipe/hw/AccelSurface;Lsun/java2d/pipe/hw/AccelSurface;Lsun/java2d/pipe/Region;Ljava/awt/Composite;Ljava/awt/geom/AffineT
Event: 2533.182 Thread 0x00007faa2294e800 Uncommon trap: reason=unstable_if action=reinterpret pc=0x00000001118c5f34 method=sun.java2d.pipe.Region.contains(II)Z @ 29 c2
Event: 2578.894 Thread 0x00007faa279b1800 Uncommon trap: reason=unstable_if action=reinterpret pc=0x00000001117d86d8 method=java.awt.Component.inside(II)Z @ 21 c2
Event: 2578.894 Thread 0x00007faa2294e800 Uncommon trap: reason=unstable_if action=reinterpret pc=0x000000011180c8f0 method=sun.java2d.pipe.Region.contains(II)Z @ 29 c2
Event: 2588.379 Thread 0x00007faa279b1800 Uncommon trap: reason=unstable_if action=reinterpret pc=0x00000001117c1a44 method=sun.java2d.loops.ProcessPath.ProcessMonotonicCubic(Lsun/java2d/loops/ProcessPath$ProcessHandler;[F[I)V @ 519 c2
Event: 2588.380 Thread 0x00007faa279b1800 Uncommon trap: reason=unstable_if action=reinterpret pc=0x00000001117c831c method=sun.java2d.loops.ProcessPath$DrawProcessHandler.PROCESS_LINE(IIIIZ[I)V @ 65 c2
Event: 2606.481 Thread 0x00007faa2294e800 Uncommon trap: reason=unstable_if action=reinterpret pc=0x00000001118c91ac method=sun.lwawt.LWWindowPeer.generateMouseEnterExitEventsForComponents(JIIIIIIIZLsun/lwawt/LWComponentPeer;)V @ 13 c2

Classes redefined (0 events):
No events

Internal exceptions (10 events):
Event: 2585.425 Thread 0x00007faa22875800 Exception <a 'java/security/PrivilegedActionException'{0x0000000787211dc0}> (0x0000000787211dc0) thrown at [/scratch/mesos/slaves/07fc96ef-bf4d-487f-b22f-a84e49f5f44a-S15534/frameworks/1735e8a2-a1db-478c-8104-60c8b0af87dd-0196/executors/2de9a231-452d-4727
Event: 2585.425 Thread 0x00007faa22875800 Exception <a 'java/security/PrivilegedActionException'{0x0000000787212090}> (0x0000000787212090) thrown at [/scratch/mesos/slaves/07fc96ef-bf4d-487f-b22f-a84e49f5f44a-S15534/frameworks/1735e8a2-a1db-478c-8104-60c8b0af87dd-0196/executors/2de9a231-452d-4727
Event: 2649.350 Thread 0x00007faa22875800 Exception <a 'java/security/PrivilegedActionException'{0x000000078690e2d0}> (0x000000078690e2d0) thrown at [/scratch/mesos/slaves/07fc96ef-bf4d-487f-b22f-a84e49f5f44a-S15534/frameworks/1735e8a2-a1db-478c-8104-60c8b0af87dd-0196/executors/2de9a231-452d-4727
Event: 2649.351 Thread 0x00007faa22875800 Exception <a 'java/security/PrivilegedActionException'{0x000000078690e5a0}> (0x000000078690e5a0) thrown at [/scratch/mesos/slaves/07fc96ef-bf4d-487f-b22f-a84e49f5f44a-S15534/frameworks/1735e8a2-a1db-478c-8104-60c8b0af87dd-0196/executors/2de9a231-452d-4727
Event: 2649.351 Thread 0x00007faa22875800 Exception <a 'java/security/PrivilegedActionException'{0x0000000786911dc0}> (0x0000000786911dc0) thrown at [/scratch/mesos/slaves/07fc96ef-bf4d-487f-b22f-a84e49f5f44a-S15534/frameworks/1735e8a2-a1db-478c-8104-60c8b0af87dd-0196/executors/2de9a231-452d-4727
Event: 2649.351 Thread 0x00007faa22875800 Exception <a 'java/security/PrivilegedActionException'{0x0000000786912090}> (0x0000000786912090) thrown at [/scratch/mesos/slaves/07fc96ef-bf4d-487f-b22f-a84e49f5f44a-S15534/frameworks/1735e8a2-a1db-478c-8104-60c8b0af87dd-0196/executors/2de9a231-452d-4727
Event: 2705.695 Thread 0x00007faa22638800 Exception <a 'java/security/PrivilegedActionException'{0x000000078420ddf0}> (0x000000078420ddf0) thrown at [/scratch/mesos/slaves/07fc96ef-bf4d-487f-b22f-a84e49f5f44a-S15534/frameworks/1735e8a2-a1db-478c-8104-60c8b0af87dd-0196/executors/2de9a231-452d-4727
Event: 2705.695 Thread 0x00007faa22638800 Exception <a 'java/security/PrivilegedActionException'{0x000000078420e0c0}> (0x000000078420e0c0) thrown at [/scratch/mesos/slaves/07fc96ef-bf4d-487f-b22f-a84e49f5f44a-S15534/frameworks/1735e8a2-a1db-478c-8104-60c8b0af87dd-0196/executors/2de9a231-452d-4727
Event: 2705.696 Thread 0x00007faa22638800 Exception <a 'java/security/PrivilegedActionException'{0x00000007842118e0}> (0x00000007842118e0) thrown at [/scratch/mesos/slaves/07fc96ef-bf4d-487f-b22f-a84e49f5f44a-S15534/frameworks/1735e8a2-a1db-478c-8104-60c8b0af87dd-0196/executors/2de9a231-452d-4727
Event: 2705.696 Thread 0x00007faa22638800 Exception <a 'java/security/PrivilegedActionException'{0x0000000784211bb0}> (0x0000000784211bb0) thrown at [/scratch/mesos/slaves/07fc96ef-bf4d-487f-b22f-a84e49f5f44a-S15534/frameworks/1735e8a2-a1db-478c-8104-60c8b0af87dd-0196/executors/2de9a231-452d-4727

Events (10 events):
Event: 2705.729 Executing VM operation: RevokeBias
Event: 2705.729 Executing VM operation: RevokeBias done
Event: 2705.730 Thread 0x00007faa22638800 DEOPT PACKING pc=0x000000010a5464b4 sp=0x000070000d20e830
Event: 2705.730 Thread 0x00007faa22638800 DEOPT UNPACKING pc=0x0000000109cd8fba sp=0x000070000d20dde8 mode 1
Event: 2705.778 Thread 0x00007faa226fb800 Thread added: 0x00007faa226fb800
Event: 2705.846 Executing VM operation: RevokeBias
Event: 2705.852 Executing VM operation: RevokeBias done
Event: 2705.889 Executing VM operation: G1CollectForAllocation
Event: 2705.907 Executing VM operation: G1CollectForAllocation done
Event: 2705.909 Thread 0x00007faa226fb800 Thread exited: 0x00007faa226fb800


Dynamic libraries:
0x00007fff56802000 	/System/Library/Frameworks/Cocoa.framework/Versions/A/Cocoa
0x00007fff62e1e000 	/System/Library/Frameworks/Security.framework/Versions/A/Security
0x00007fff55444000 	/System/Library/Frameworks/ApplicationServices.framework/Versions/A/ApplicationServices
0x00007fff7ec78000 	/usr/lib/libz.1.dylib
0x00007fff7cba9000 	/usr/lib/libSystem.B.dylib
0x00007fff56fb5000 	/System/Library/Frameworks/CoreFoundation.framework/Versions/A/CoreFoundation
0x00007fff59116000 	/System/Library/Frameworks/Foundation.framework/Versions/C/Foundation
0x00007fff7e262000 	/usr/lib/libobjc.A.dylib
0x00007fff54594000 	/System/Library/Frameworks/AppKit.framework/Versions/C/AppKit
0x00007fff56b7a000 	/System/Library/Frameworks/CoreData.framework/Versions/A/CoreData
0x00007fff764e7000 	/System/Library/PrivateFrameworks/RemoteViewServices.framework/Versions/A/RemoteViewServices
0x00007fff7ac4e000 	/System/Library/PrivateFrameworks/UIFoundation.framework/Versions/A/UIFoundation
0x00007fff6b2e6000 	/System/Library/PrivateFrameworks/DFRFoundation.framework/Versions/A/DFRFoundation
0x00007fff5b782000 	/System/Library/Frameworks/Metal.framework/Versions/A/Metal
0x00007fff6b483000 	/System/Library/PrivateFrameworks/DesktopServicesPriv.framework/Versions/A/DesktopServicesPriv
0x00007fff7d7af000 	/usr/lib/libenergytrace.dylib
0x00007fff78cb9000 	/System/Library/PrivateFrameworks/SkyLight.framework/Versions/A/SkyLight
0x00007fff57458000 	/System/Library/Frameworks/CoreGraphics.framework/Versions/A/CoreGraphics
0x00007fff7cba4000 	/usr/lib/libScreenReader.dylib
0x00007fff5352e000 	/System/Library/Frameworks/Accelerate.framework/Versions/A/Accelerate
0x00007fff59890000 	/System/Library/Frameworks/IOSurface.framework/Versions/A/IOSurface
0x00007fff5598e000 	/System/Library/Frameworks/AudioToolbox.framework/Versions/A/AudioToolbox
0x00007fff55c1e000 	/System/Library/Frameworks/AudioUnit.framework/Versions/A/AudioUnit
0x00007fff6b37e000 	/System/Library/PrivateFrameworks/DataDetectorsCore.framework/Versions/A/DataDetectorsCore
0x00007fff562f5000 	/System/Library/Frameworks/Carbon.framework/Versions/A/Frameworks/HIToolbox.framework/Versions/A/HIToolbox
0x00007fff7d909000 	/usr/lib/libicucore.A.dylib
0x00007fff6239a000 	/System/Library/Frameworks/QuartzCore.framework/Versions/A/QuartzCore
0x00007fff77f70000 	/System/Library/PrivateFrameworks/SignpostNotification.framework/Versions/A/SignpostNotification
0x00007fff566db000 	/System/Library/Frameworks/Carbon.framework/Versions/A/Frameworks/SpeechRecognition.framework/Versions/A/SpeechRecognition
0x00007fff7cd05000 	/usr/lib/libauto.dylib
0x00007fff7eb67000 	/usr/lib/libxml2.2.dylib
0x00007fff6af37000 	/System/Library/PrivateFrameworks/CoreUI.framework/Versions/A/CoreUI
0x00007fff56a56000 	/System/Library/Frameworks/CoreAudio.framework/Versions/A/CoreAudio
0x00007fff58f50000 	/System/Library/Frameworks/DiskArbitration.framework/Versions/A/DiskArbitration
0x00007fff7db7d000 	/usr/lib/liblangid.dylib
0x00007fff729f1000 	/System/Library/PrivateFrameworks/MultitouchSupport.framework/Versions/A/MultitouchSupport
0x00007fff597f3000 	/System/Library/Frameworks/IOKit.framework/Versions/A/IOKit
0x00007fff7c833000 	/usr/lib/libDiagnosticMessagesClient.dylib
0x00007fff5812e000 	/System/Library/Frameworks/CoreServices.framework/Versions/A/CoreServices
0x00007fff74523000 	/System/Library/PrivateFrameworks/PerformanceAnalysis.framework/Versions/A/PerformanceAnalysis
0x00007fff6153c000 	/System/Library/Frameworks/OpenGL.framework/Versions/A/OpenGL
0x00007fff56810000 	/System/Library/Frameworks/ColorSync.framework/Versions/A/ColorSync
0x00007fff57a6a000 	/System/Library/Frameworks/CoreImage.framework/Versions/A/CoreImage
0x00007fff58abe000 	/System/Library/Frameworks/CoreText.framework/Versions/A/CoreText
0x00007fff598ee000 	/System/Library/Frameworks/ImageIO.framework/Versions/A/ImageIO
0x00007fff67c2e000 	/System/Library/PrivateFrameworks/Backup.framework/Versions/A/Backup
0x00007fff7cc55000 	/usr/lib/libarchive.2.dylib
0x00007fff55f41000 	/System/Library/Frameworks/CFNetwork.framework/Versions/A/CFNetwork
0x00007fff635b1000 	/System/Library/Frameworks/SystemConfiguration.framework/Versions/A/SystemConfiguration
0x00007fff7c75c000 	/usr/lib/libCRFSuite.dylib
0x00007fff7cdde000 	/usr/lib/libc++.1.dylib
0x00007fff7ce35000 	/usr/lib/libc++abi.dylib
0x00007fff7ed26000 	/usr/lib/system/libcache.dylib
0x00007fff7ed2b000 	/usr/lib/system/libcommonCrypto.dylib
0x00007fff7ed36000 	/usr/lib/system/libcompiler_rt.dylib
0x00007fff7ed3e000 	/usr/lib/system/libcopyfile.dylib
0x00007fff7ed48000 	/usr/lib/system/libcorecrypto.dylib
0x00007fff7ee55000 	/usr/lib/system/libdispatch.dylib
0x00007fff7ee8f000 	/usr/lib/system/libdyld.dylib
0x00007fff7eead000 	/usr/lib/system/libkeymgr.dylib
0x00007fff7eebb000 	/usr/lib/system/liblaunch.dylib
0x00007fff7eebc000 	/usr/lib/system/libmacho.dylib
0x00007fff7eec1000 	/usr/lib/system/libquarantine.dylib
0x00007fff7eec4000 	/usr/lib/system/libremovefile.dylib
0x00007fff7eec6000 	/usr/lib/system/libsystem_asl.dylib
0x00007fff7eede000 	/usr/lib/system/libsystem_blocks.dylib
0x00007fff7eedf000 	/usr/lib/system/libsystem_c.dylib
0x00007fff7ef69000 	/usr/lib/system/libsystem_configuration.dylib
0x00007fff7ef6d000 	/usr/lib/system/libsystem_coreservices.dylib
0x00007fff7ef71000 	/usr/lib/system/libsystem_darwin.dylib
0x00007fff7ef73000 	/usr/lib/system/libsystem_dnssd.dylib
0x00007fff7ef7a000 	/usr/lib/system/libsystem_info.dylib
0x00007fff7efeb000 	/usr/lib/system/libsystem_m.dylib
0x00007fff7f037000 	/usr/lib/system/libsystem_malloc.dylib
0x00007fff7f057000 	/usr/lib/system/libsystem_network.dylib
0x00007fff7f188000 	/usr/lib/system/libsystem_networkextension.dylib
0x00007fff7f193000 	/usr/lib/system/libsystem_notify.dylib
0x00007fff7f1b1000 	/usr/lib/system/libsystem_sandbox.dylib
0x00007fff7f1b5000 	/usr/lib/system/libsystem_secinit.dylib
0x00007fff7efc4000 	/usr/lib/system/libsystem_kernel.dylib
0x00007fff7f19d000 	/usr/lib/system/libsystem_platform.dylib
0x00007fff7f1a5000 	/usr/lib/system/libsystem_pthread.dylib
0x00007fff7f1b7000 	/usr/lib/system/libsystem_symptoms.dylib
0x00007fff7f1bf000 	/usr/lib/system/libsystem_trace.dylib
0x00007fff7f1d4000 	/usr/lib/system/libunwind.dylib
0x00007fff7f1da000 	/usr/lib/system/libxpc.dylib
0x00007fff7c66f000 	/usr/lib/closure/libclosured.dylib
0x00007fff7cdbf000 	/usr/lib/libbsm.0.dylib
0x00007fff7eeae000 	/usr/lib/system/libkxld.dylib
0x00007fff7ca6d000 	/usr/lib/libOpenScriptingUtil.dylib
0x00007fff7d12e000 	/usr/lib/libcoretls.dylib
0x00007fff7d147000 	/usr/lib/libcoretls_cfhelpers.dylib
0x00007fff7e663000 	/usr/lib/libpam.2.dylib
0x00007fff7e78a000 	/usr/lib/libsqlite3.dylib
0x00007fff7eb56000 	/usr/lib/libxar.1.dylib
0x00007fff7cdd0000 	/usr/lib/libbz2.1.0.dylib
0x00007fff7db7f000 	/usr/lib/liblzma.5.dylib
0x00007fff7e060000 	/usr/lib/libnetwork.dylib
0x00007fff7cc3e000 	/usr/lib/libapple_nghttp2.dylib
0x00007fff7e66a000 	/usr/lib/libpcap.A.dylib
0x00007fff7cd06000 	/usr/lib/libboringssl.dylib
0x00007fff7eaf1000 	/usr/lib/libusrtcp.dylib
0x00007fff7cc3d000 	/usr/lib/libapple_crypto.dylib
0x00007fff584b1000 	/System/Library/Frameworks/CoreServices.framework/Versions/A/Frameworks/FSEvents.framework/Versions/A/FSEvents
0x00007fff581a4000 	/System/Library/Frameworks/CoreServices.framework/Versions/A/Frameworks/CarbonCore.framework/Versions/A/CarbonCore
0x00007fff58678000 	/System/Library/Frameworks/CoreServices.framework/Versions/A/Frameworks/Metadata.framework/Versions/A/Metadata
0x00007fff58729000 	/System/Library/Frameworks/CoreServices.framework/Versions/A/Frameworks/OSServices.framework/Versions/A/OSServices
0x00007fff5878a000 	/System/Library/Frameworks/CoreServices.framework/Versions/A/Frameworks/SearchKit.framework/Versions/A/SearchKit
0x00007fff5812f000 	/System/Library/Frameworks/CoreServices.framework/Versions/A/Frameworks/AE.framework/Versions/A/AE
0x00007fff584ba000 	/System/Library/Frameworks/CoreServices.framework/Versions/A/Frameworks/LaunchServices.framework/Versions/A/LaunchServices
0x00007fff5847c000 	/System/Library/Frameworks/CoreServices.framework/Versions/A/Frameworks/DictionaryServices.framework/Versions/A/DictionaryServices
0x00007fff587f9000 	/System/Library/Frameworks/CoreServices.framework/Versions/A/Frameworks/SharedFileList.framework/Versions/A/SharedFileList
0x00007fff5c9b8000 	/System/Library/Frameworks/NetFS.framework/Versions/A/NetFS
0x00007fff72c82000 	/System/Library/PrivateFrameworks/NetAuth.framework/Versions/A/NetAuth
0x00007fff7c506000 	/System/Library/PrivateFrameworks/login.framework/Versions/A/Frameworks/loginsupport.framework/Versions/A/loginsupport
0x00007fff7a8cb000 	/System/Library/PrivateFrameworks/TCC.framework/Versions/A/TCC
0x00007fff7dc60000 	/usr/lib/libmecabra.dylib
0x00007fff55445000 	/System/Library/Frameworks/ApplicationServices.framework/Versions/A/Frameworks/ATS.framework/Versions/A/ATS
0x00007fff557f3000 	/System/Library/Frameworks/ApplicationServices.framework/Versions/A/Frameworks/ColorSyncLegacy.framework/Versions/A/ColorSyncLegacy
0x00007fff55897000 	/System/Library/Frameworks/ApplicationServices.framework/Versions/A/Frameworks/HIServices.framework/Versions/A/HIServices
0x00007fff558ea000 	/System/Library/Frameworks/ApplicationServices.framework/Versions/A/Frameworks/LangAnalysis.framework/Versions/A/LangAnalysis
0x00007fff558f9000 	/System/Library/Frameworks/ApplicationServices.framework/Versions/A/Frameworks/PrintCore.framework/Versions/A/PrintCore
0x00007fff55946000 	/System/Library/Frameworks/ApplicationServices.framework/Versions/A/Frameworks/QD.framework/Versions/A/QD
0x00007fff55981000 	/System/Library/Frameworks/ApplicationServices.framework/Versions/A/Frameworks/SpeechSynthesis.framework/Versions/A/SpeechSynthesis
0x00007fff56ed1000 	/System/Library/Frameworks/CoreDisplay.framework/Versions/A/CoreDisplay
0x00007fff53546000 	/System/Library/Frameworks/Accelerate.framework/Versions/A/Frameworks/vImage.framework/Versions/A/vImage
0x00007fff542a0000 	/System/Library/Frameworks/Accelerate.framework/Versions/A/Frameworks/vecLib.framework/Versions/A/vecLib
0x00007fff54040000 	/System/Library/Frameworks/Accelerate.framework/Versions/A/Frameworks/vecLib.framework/Versions/A/libvDSP.dylib
0x00007fff53ba0000 	/System/Library/Frameworks/Accelerate.framework/Versions/A/Frameworks/vecLib.framework/Versions/A/libBNNS.dylib
0x00007fff53fa5000 	/System/Library/Frameworks/Accelerate.framework/Versions/A/Frameworks/vecLib.framework/Versions/A/libQuadrature.dylib
0x00007fff541ee000 	/System/Library/Frameworks/Accelerate.framework/Versions/A/Frameworks/vecLib.framework/Versions/A/libvMisc.dylib
0x00007fff53bcf000 	/System/Library/Frameworks/Accelerate.framework/Versions/A/Frameworks/vecLib.framework/Versions/A/libLAPACK.dylib
0x00007fff53a45000 	/System/Library/Frameworks/Accelerate.framework/Versions/A/Frameworks/vecLib.framework/Versions/A/libBLAS.dylib
0x00007fff53f8f000 	/System/Library/Frameworks/Accelerate.framework/Versions/A/Frameworks/vecLib.framework/Versions/A/libLinearAlgebra.dylib
0x00007fff53fab000 	/System/Library/Frameworks/Accelerate.framework/Versions/A/Frameworks/vecLib.framework/Versions/A/libSparse.dylib
0x00007fff5402c000 	/System/Library/Frameworks/Accelerate.framework/Versions/A/Frameworks/vecLib.framework/Versions/A/libSparseBLAS.dylib
0x00007fff6fac2000 	/System/Library/PrivateFrameworks/GPUWrangler.framework/Versions/A/GPUWrangler
0x00007fff71253000 	/System/Library/PrivateFrameworks/IOAccelerator.framework/Versions/A/IOAccelerator
0x00007fff7125e000 	/System/Library/PrivateFrameworks/IOPresentment.framework/Versions/A/IOPresentment
0x00007fff6b2f8000 	/System/Library/PrivateFrameworks/DSExternalDisplay.framework/Versions/A/DSExternalDisplay
0x00007fff609bb000 	/System/Library/Frameworks/OpenGL.framework/Versions/A/Libraries/libCoreFSCache.dylib
0x00007fff58c0f000 	/System/Library/Frameworks/CoreVideo.framework/Versions/A/CoreVideo
0x00007fff7083d000 	/System/Library/PrivateFrameworks/GraphVisualizer.framework/Versions/A/GraphVisualizer
0x00007fff5b9b9000 	/System/Library/Frameworks/MetalPerformanceShaders.framework/Versions/A/MetalPerformanceShaders
0x00007fff7c86b000 	/usr/lib/libFosl_dynamic.dylib
0x00007fff6c3cc000 	/System/Library/PrivateFrameworks/FaceCore.framework/Versions/A/FaceCore
0x00007fff5f7b6000 	/System/Library/Frameworks/OpenCL.framework/Versions/A/OpenCL
0x00007fff7ce6c000 	/usr/lib/libcompression.dylib
0x00007fff55544000 	/System/Library/Frameworks/ApplicationServices.framework/Versions/A/Frameworks/ATS.framework/Versions/A/Resources/libFontParser.dylib
0x00007fff55667000 	/System/Library/Frameworks/ApplicationServices.framework/Versions/A/Frameworks/ATS.framework/Versions/A/Resources/libFontRegistry.dylib
0x00007fff59b56000 	/System/Library/Frameworks/ImageIO.framework/Versions/A/Resources/libJPEG.dylib
0x00007fff59e7f000 	/System/Library/Frameworks/ImageIO.framework/Versions/A/Resources/libTIFF.dylib
0x00007fff59e55000 	/System/Library/Frameworks/ImageIO.framework/Versions/A/Resources/libPng.dylib
0x00007fff59a69000 	/System/Library/Frameworks/ImageIO.framework/Versions/A/Resources/libGIF.dylib
0x00007fff59a6e000 	/System/Library/Frameworks/ImageIO.framework/Versions/A/Resources/libJP2.dylib
0x00007fff59e7c000 	/System/Library/Frameworks/ImageIO.framework/Versions/A/Resources/libRadiance.dylib
0x00007fff67359000 	/System/Library/PrivateFrameworks/AppleJPEG.framework/Versions/A/AppleJPEG
0x00007fff5b820000 	/System/Library/Frameworks/MetalPerformanceShaders.framework/Frameworks/MPSCore.framework/Versions/A/MPSCore
0x00007fff5b83c000 	/System/Library/Frameworks/MetalPerformanceShaders.framework/Frameworks/MPSImage.framework/Versions/A/MPSImage
0x00007fff5b8d1000 	/System/Library/Frameworks/MetalPerformanceShaders.framework/Frameworks/MPSNeuralNetwork.framework/Versions/A/MPSNeuralNetwork
0x00007fff5b8ac000 	/System/Library/Frameworks/MetalPerformanceShaders.framework/Frameworks/MPSMatrix.framework/Versions/A/MPSMatrix
0x00007fff72754000 	/System/Library/PrivateFrameworks/MetalTools.framework/Versions/A/MetalTools
0x00007fff60b86000 	/System/Library/Frameworks/OpenGL.framework/Versions/A/Libraries/libGLU.dylib
0x00007fff609c6000 	/System/Library/Frameworks/OpenGL.framework/Versions/A/Libraries/libGFXShared.dylib
0x00007fff609d0000 	/System/Library/Frameworks/OpenGL.framework/Versions/A/Libraries/libGL.dylib
0x00007fff609dc000 	/System/Library/Frameworks/OpenGL.framework/Versions/A/Libraries/libGLImage.dylib
0x00007fff609b8000 	/System/Library/Frameworks/OpenGL.framework/Versions/A/Libraries/libCVMSPluginSupport.dylib
0x00007fff609c1000 	/System/Library/Frameworks/OpenGL.framework/Versions/A/Libraries/libCoreVMClient.dylib
0x00007fff7d619000 	/usr/lib/libcups.2.dylib
0x00007fff5ad87000 	/System/Library/Frameworks/Kerberos.framework/Versions/A/Kerberos
0x00007fff5954d000 	/System/Library/Frameworks/GSS.framework/Versions/A/GSS
0x00007fff7e71d000 	/usr/lib/libresolv.9.dylib
0x00007fff7d817000 	/usr/lib/libiconv.2.dylib
0x00007fff708cf000 	/System/Library/PrivateFrameworks/Heimdal.framework/Versions/A/Heimdal
0x00007fff7d7e6000 	/usr/lib/libheimdal-asn1.dylib
0x00007fff5f82e000 	/System/Library/Frameworks/OpenDirectory.framework/Versions/A/OpenDirectory
0x00007fff6966f000 	/System/Library/PrivateFrameworks/CommonAuth.framework/Versions/A/CommonAuth
0x00007fff5f811000 	/System/Library/Frameworks/OpenDirectory.framework/Versions/A/Frameworks/CFOpenDirectory.framework/Versions/A/CFOpenDirectory
0x00007fff6314a000 	/System/Library/Frameworks/SecurityFoundation.framework/Versions/A/SecurityFoundation
0x00007fff6651e000 	/System/Library/PrivateFrameworks/APFS.framework/Versions/A/APFS
0x00007fff7eb52000 	/usr/lib/libutil.dylib
0x00007fff673dc000 	/System/Library/PrivateFrameworks/AppleSauce.framework/Versions/A/AppleSauce
0x00007fff71a3b000 	/System/Library/PrivateFrameworks/LinguisticData.framework/Versions/A/LinguisticData
0x00007fff7db99000 	/usr/lib/libmarisa.dylib
0x00007fff719f5000 	/System/Library/PrivateFrameworks/Lexicon.framework/Versions/A/Lexicon
0x00007fff7c796000 	/usr/lib/libChineseTokenizer.dylib
0x00007fff7ce5b000 	/usr/lib/libcmph.dylib
0x00007fff718ff000 	/System/Library/PrivateFrameworks/LanguageModeling.framework/Versions/A/LanguageModeling
0x00007fff6a17e000 	/System/Library/PrivateFrameworks/CoreEmoji.framework/Versions/A/CoreEmoji
0x00007fff63208000 	/System/Library/Frameworks/ServiceManagement.framework/Versions/A/ServiceManagement
0x00007fff67c26000 	/System/Library/PrivateFrameworks/BackgroundTaskManagement.framework/Versions/A/BackgroundTaskManagement
0x00007fff7ec4f000 	/usr/lib/libxslt.1.dylib
0x00007fff56605000 	/System/Library/Frameworks/Carbon.framework/Versions/A/Frameworks/Ink.framework/Versions/A/Ink
0x00007fff7aae0000 	/System/Library/PrivateFrameworks/TextureIO.framework/Versions/A/TextureIO
0x00007fff7cc80000 	/usr/lib/libate.dylib
0x00007fff6b258000 	/System/Library/PrivateFrameworks/CrashReporterSupport.framework/Versions/A/CrashReporterSupport
0x00007fff77e30000 	/System/Library/PrivateFrameworks/Sharing.framework/Versions/A/Sharing
0x00007fff71640000 	/System/Library/PrivateFrameworks/IconServices.framework/Versions/A/IconServices
0x00007fff67856000 	/System/Library/PrivateFrameworks/AuthKit.framework/Versions/A/AuthKit
0x00007fff671dc000 	/System/Library/PrivateFrameworks/Apple80211.framework/Versions/A/Apple80211
0x00007fff6b06d000 	/System/Library/PrivateFrameworks/CoreUtils.framework/Versions/A/CoreUtils
0x00007fff58c4a000 	/System/Library/Frameworks/CoreWLAN.framework/Versions/A/CoreWLAN
0x00007fff5968f000 	/System/Library/Frameworks/IOBluetooth.framework/Versions/A/IOBluetooth
0x00007fff762f2000 	/System/Library/PrivateFrameworks/ProtocolBuffer.framework/Versions/A/ProtocolBuffer
0x00007fff7294c000 	/System/Library/PrivateFrameworks/MobileKeyBag.framework/Versions/A/MobileKeyBag
0x00007fff6a922000 	/System/Library/PrivateFrameworks/CorePhoneNumbers.framework/Versions/A/CorePhoneNumbers
0x00007fff67314000 	/System/Library/PrivateFrameworks/AppleIDAuthSupport.framework/Versions/A/AppleIDAuthSupport
0x00007fff718eb000 	/System/Library/PrivateFrameworks/KeychainCircle.framework/Versions/A/KeychainCircle
0x00007fff6b1f3000 	/System/Library/PrivateFrameworks/CoreWiFi.framework/Versions/A/CoreWiFi
0x00007fff56b50000 	/System/Library/Frameworks/CoreBluetooth.framework/Versions/A/CoreBluetooth
0x00007fff6b442000 	/System/Library/PrivateFrameworks/DebugSymbols.framework/Versions/A/DebugSymbols
0x00007fff6ae23000 	/System/Library/PrivateFrameworks/CoreSymbolication.framework/Versions/A/CoreSymbolication
0x00007fff7a2d1000 	/System/Library/PrivateFrameworks/Symbolication.framework/Versions/A/Symbolication
0x00007fff67206000 	/System/Library/PrivateFrameworks/AppleFSCompression.framework/Versions/A/AppleFSCompression
0x00007fff7971e000 	/System/Library/PrivateFrameworks/SpeechRecognitionCore.framework/Versions/A/SpeechRecognitionCore
0x0000000100a00000 	/private/var/folders/q3/2c6cjlhj3s35wm9k8zx0ym0c0000gn/T/AppTranslocation/FE4A3532-1636-4580-9D0F-92F0213400C5/d/BlueJ.app/Contents/JDK/Home/lib/server/libjvm.dylib
0x0000000100102000 	/private/var/folders/q3/2c6cjlhj3s35wm9k8zx0ym0c0000gn/T/AppTranslocation/FE4A3532-1636-4580-9D0F-92F0213400C5/d/BlueJ.app/Contents/JDK/Home/lib/libverify.dylib
0x000000010010e000 	/private/var/folders/q3/2c6cjlhj3s35wm9k8zx0ym0c0000gn/T/AppTranslocation/FE4A3532-1636-4580-9D0F-92F0213400C5/d/BlueJ.app/Contents/JDK/Home/lib/libjava.dylib
0x000000010013e000 	/private/var/folders/q3/2c6cjlhj3s35wm9k8zx0ym0c0000gn/T/AppTranslocation/FE4A3532-1636-4580-9D0F-92F0213400C5/d/BlueJ.app/Contents/JDK/Home/lib/libjdwp.dylib
0x00000001001be000 	/private/var/folders/q3/2c6cjlhj3s35wm9k8zx0ym0c0000gn/T/AppTranslocation/FE4A3532-1636-4580-9D0F-92F0213400C5/d/BlueJ.app/Contents/JDK/Home/lib/libzip.dylib
0x00000001001c6000 	/private/var/folders/q3/2c6cjlhj3s35wm9k8zx0ym0c0000gn/T/AppTranslocation/FE4A3532-1636-4580-9D0F-92F0213400C5/d/BlueJ.app/Contents/JDK/Home/lib/libjimage.dylib
0x0000000109bdf000 	/private/var/folders/q3/2c6cjlhj3s35wm9k8zx0ym0c0000gn/T/AppTranslocation/FE4A3532-1636-4580-9D0F-92F0213400C5/d/BlueJ.app/Contents/JDK/Home/lib/libdt_socket.dylib
0x0000000109be5000 	/private/var/folders/q3/2c6cjlhj3s35wm9k8zx0ym0c0000gn/T/AppTranslocation/FE4A3532-1636-4580-9D0F-92F0213400C5/d/BlueJ.app/Contents/JDK/Home/lib/libnio.dylib
0x0000000120b51000 	/private/var/folders/q3/2c6cjlhj3s35wm9k8zx0ym0c0000gn/T/AppTranslocation/FE4A3532-1636-4580-9D0F-92F0213400C5/d/BlueJ.app/Contents/JDK/Home/lib/./libnet.dylib
0x0000000120bed000 	/private/var/folders/q3/2c6cjlhj3s35wm9k8zx0ym0c0000gn/T/AppTranslocation/FE4A3532-1636-4580-9D0F-92F0213400C5/d/BlueJ.app/Contents/JDK/Home/lib/libawt.dylib
0x0000000120c87000 	/private/var/folders/q3/2c6cjlhj3s35wm9k8zx0ym0c0000gn/T/AppTranslocation/FE4A3532-1636-4580-9D0F-92F0213400C5/d/BlueJ.app/Contents/JDK/Home/lib/./libmlib_image.dylib
0x00007fff5ad70000 	/System/Library/Frameworks/JavaVM.framework/Versions/A/Frameworks/JavaNativeFoundation.framework/Versions/A/JavaNativeFoundation
0x00007fff5ad79000 	/System/Library/Frameworks/JavaVM.framework/Versions/A/Frameworks/JavaRuntimeSupport.framework/Versions/A/JavaRuntimeSupport
0x00007fff5ad82000 	/System/Library/Frameworks/JavaVM.framework/Versions/A/JavaVM
0x00007fff71801000 	/System/Library/PrivateFrameworks/JavaLaunching.framework/Versions/A/JavaLaunching
0x00007fff562f0000 	/System/Library/Frameworks/Carbon.framework/Versions/A/Carbon
0x00007fff562f1000 	/System/Library/Frameworks/Carbon.framework/Versions/A/Frameworks/CommonPanels.framework/Versions/A/CommonPanels
0x00007fff565fb000 	/System/Library/Frameworks/Carbon.framework/Versions/A/Frameworks/Help.framework/Versions/A/Help
0x00007fff565ff000 	/System/Library/Frameworks/Carbon.framework/Versions/A/Frameworks/ImageCapture.framework/Versions/A/ImageCapture
0x00007fff5669b000 	/System/Library/Frameworks/Carbon.framework/Versions/A/Frameworks/OpenScripting.framework/Versions/A/OpenScripting
0x00007fff566d6000 	/System/Library/Frameworks/Carbon.framework/Versions/A/Frameworks/Print.framework/Versions/A/Print
0x00007fff566d8000 	/System/Library/Frameworks/Carbon.framework/Versions/A/Frameworks/SecurityHI.framework/Versions/A/SecurityHI
0x0000000120ced000 	/private/var/folders/q3/2c6cjlhj3s35wm9k8zx0ym0c0000gn/T/AppTranslocation/FE4A3532-1636-4580-9D0F-92F0213400C5/d/BlueJ.app/Contents/JDK/Home/lib/libawt_lwawt.dylib
0x0000000120d9a000 	/private/var/folders/q3/2c6cjlhj3s35wm9k8zx0ym0c0000gn/T/AppTranslocation/FE4A3532-1636-4580-9D0F-92F0213400C5/d/BlueJ.app/Contents/JDK/Home/lib/./libosxapp.dylib
0x00007fff590ef000 	/System/Library/Frameworks/ExceptionHandling.framework/Versions/A/ExceptionHandling
0x0000000120f9d000 	/private/var/folders/q3/2c6cjlhj3s35wm9k8zx0ym0c0000gn/T/AppTranslocation/FE4A3532-1636-4580-9D0F-92F0213400C5/d/BlueJ.app/Contents/JDK/Home/lib/libfontmanager.dylib
0x000000012102d000 	/private/var/folders/q3/2c6cjlhj3s35wm9k8zx0ym0c0000gn/T/AppTranslocation/FE4A3532-1636-4580-9D0F-92F0213400C5/d/BlueJ.app/Contents/JDK/Home/lib/./libfreetype.dylib
0x00007fff6aab5000 	/System/Library/PrivateFrameworks/CoreServicesInternal.framework/Versions/A/CoreServicesInternal
0x00007fff4f56c000 	/System/Library/CoreServices/RawCamera.bundle/Contents/MacOS/RawCamera
0x00007fff727c6000 	/System/Library/PrivateFrameworks/MobileAsset.framework/Versions/A/MobileAsset
0x00007fff79bd8000 	/System/Library/PrivateFrameworks/StreamingZip.framework/Versions/A/StreamingZip
0x00007fff5b116000 	/System/Library/Frameworks/MediaToolbox.framework/Versions/A/MediaToolbox
0x00007fff69dbd000 	/System/Library/PrivateFrameworks/CoreAVCHD.framework/Versions/A/CoreAVCHD
0x00007fff5b05f000 	/System/Library/Frameworks/MediaAccessibility.framework/Versions/A/MediaAccessibility
0x00007fff72241000 	/System/Library/PrivateFrameworks/Mangrove.framework/Versions/A/Mangrove
0x00007fff57fe8000 	/System/Library/Frameworks/CoreMedia.framework/Versions/A/CoreMedia
0x00007fff637d6000 	/System/Library/Frameworks/VideoToolbox.framework/Versions/A/VideoToolbox
0x00007fff699b4000 	/System/Library/PrivateFrameworks/CoreAUC.framework/Versions/A/CoreAUC
0x00007fff7e788000 	/usr/lib/libspindump.dylib
0x00007fff674d1000 	/System/Library/PrivateFrameworks/AppleVA.framework/Versions/A/AppleVA
0x00007fff5352f000 	/System/Library/Frameworks/Accelerate.framework/Versions/A/Frameworks/vImage.framework/Versions/A/Libraries/libCGInterfaces.dylib
0x00007fff55756000 	/System/Library/Frameworks/ApplicationServices.framework/Versions/A/Frameworks/ATS.framework/Versions/A/Resources/libTrueTypeScaler.dylib
0x00007fff50bf1000 	/System/Library/Extensions/AppleIntelBDWGraphicsMTLDriver.bundle/Contents/MacOS/AppleIntelBDWGraphicsMTLDriver
0x00007fff6e456000 	/System/Library/PrivateFrameworks/GPUCompiler.framework/Versions/3802/Libraries/libmetal_timestamp.dylib
0x00007fff6154c000 	/System/Library/Frameworks/OpenGL.framework/Versions/A/Resources/GLEngine.bundle/GLEngine
0x00007fff60a18000 	/System/Library/Frameworks/OpenGL.framework/Versions/A/Libraries/libGLProgrammability.dylib
0x0000000124fbe000 	/System/Library/Extensions/AppleIntelBDWGraphicsGLDriver.bundle/Contents/MacOS/AppleIntelBDWGraphicsGLDriver
0x00007fff6fab6000 	/System/Library/PrivateFrameworks/GPUSupport.framework/Versions/A/Libraries/libGPUSupportMercury.dylib
0x00007fff616e4000 	/System/Library/Frameworks/OpenGL.framework/Versions/A/Resources/GLRendererFloat.bundle/GLRendererFloat
0x00007fff5f7ad000 	/System/Library/Frameworks/OpenCL.framework/Versions/A/Libraries/libcldcpuengine.dylib
0x00007fff7d2e1000 	/usr/lib/libcrypto.35.dylib
0x00007fff7ac47000 	/System/Library/PrivateFrameworks/TrustEvaluationAgent.framework/Versions/A/TrustEvaluationAgent
0x000000012426e000 	/private/var/folders/q3/2c6cjlhj3s35wm9k8zx0ym0c0000gn/T/AppTranslocation/FE4A3532-1636-4580-9D0F-92F0213400C5/d/BlueJ.app/Contents/JDK/Home/lib/libosxui.dylib
0x00007fff7bad2000 	/System/Library/PrivateFrameworks/ViewBridge.framework/Versions/A/ViewBridge
0x00007fff77f46000 	/System/Library/PrivateFrameworks/Shortcut.framework/Versions/A/Shortcut
0x00007fff70944000 	/System/Library/PrivateFrameworks/HelpData.framework/Versions/A/HelpData


VM Arguments:
jvm_args: -ea -agentlib:jdwp=transport=dt_socket,address=127.0.0.1:49556 -Dfile.encoding=UTF-8 
java_command: bluej.runtime.ExecServer UTF-8
java_class_path (initial): /private/var/folders/q3/2c6cjlhj3s35wm9k8zx0ym0c0000gn/T/AppTranslocation/FE4A3532-1636-4580-9D0F-92F0213400C5/d/BlueJ.app/Contents/Resources/Java/bluejcore.jar:/private/var/folders/q3/2c6cjlhj3s35wm9k8zx0ym0c0000gn/T/AppTranslocation/FE4A3532-1636-4580-9D0F-92F0213400C5/d/BlueJ.app/Contents/Resources/Java/junit-4.11.jar:/private/var/folders/q3/2c6cjlhj3s35wm9k8zx0ym0c0000gn/T/AppTranslocation/FE4A3532-1636-4580-9D0F-92F0213400C5/d/BlueJ.app/Contents/Resources/Java/hamcrest-core-1.3.jar:/private/var/folders/q3/2c6cjlhj3s35wm9k8zx0ym0c0000gn/T/AppTranslocation/FE4A3532-1636-4580-9D0F-92F0213400C5/d/BlueJ.app/Contents/Resources/Java/lang-stride.jar:/private/var/folders/q3/2c6cjlhj3s35wm9k8zx0ym0c0000gn/T/AppTranslocation/FE4A3532-1636-4580-9D0F-92F0213400C5/d/BlueJ.app/Contents/Resources/Java/javafx/lib/javafx.base.jar:/private/var/folders/q3/2c6cjlhj3s35wm9k8zx0ym0c0000gn/T/AppTranslocation/FE4A3532-1636-4580-9D0F-92F0213400C5/d/BlueJ.app/Contents/Resources/Java/javafx/lib/javafx.controls.jar:/private/var/folders/q3/2c6cjlhj3s35wm9k8zx0ym0c0000gn/T/AppTranslocation/FE4A3532-1636-4580-9D0F-92F0213400C5/d/BlueJ.app/Contents/Resources/Java/javafx/lib/javafx.fxml.jar:/private/var/folders/q3/2c6cjlhj3s35wm9k8zx0ym0c0000gn/T/AppTranslocation/FE4A3532-1636-4580-9D0F-92F0213400C5/d/BlueJ.app/Contents/Resources/Java/javafx/lib/javafx.graphics.jar:/private/var/folders/q3/2c6cjlhj3s35wm9k8zx0ym0c0000gn/T/AppTranslocation/FE4A3532-1636-4580-9D0F-92F0213400C5/d/BlueJ.app/Contents/Resources/Java/javafx/lib/javafx.media.jar:/private/var/folders/q3/2c6cjlhj3s35wm9k8zx0ym0c0000gn/T/AppTranslocation/FE4A3532-1636-4580-9D0F-92F0213400C5/d/BlueJ.app/Contents/Resources/Java/javafx/lib/javafx.properties.jar:/private/var/folders/q3/2c6cjlhj3s35wm9k8zx0ym0c0000gn/T/AppTranslocation/FE4A3532-1636-4580-9D0F-92F0213400C5/d/BlueJ.app/Contents/Resources/Java/javafx/lib/javafx.swing.jar:/private/var/folders/q3/2c6cjlhj3s35wm9k8zx0ym0c0000gn/T/AppTranslocation/FE4A3532
Launcher Type: SUN_STANDARD

[Global flags]
     intx CICompilerCount                          = 3                                         {product} {ergonomic}
     uint ConcGCThreads                            = 1                                         {product} {ergonomic}
     uint G1ConcRefinementThreads                  = 4                                         {product} {ergonomic}
   size_t G1HeapRegionSize                         = 1048576                                   {product} {ergonomic}
    uintx GCDrainStackTargetSize                   = 64                                        {product} {ergonomic}
   size_t InitialHeapSize                          = 134217728                                 {product} {ergonomic}
   size_t MarkStackSize                            = 4194304                                   {product} {ergonomic}
   size_t MaxHeapSize                              = 2147483648                                {product} {ergonomic}
   size_t MaxNewSize                               = 1287651328                                {product} {ergonomic}
   size_t MinHeapDeltaBytes                        = 1048576                                   {product} {ergonomic}
    uintx NonNMethodCodeHeapSize                   = 5830092                                {pd product} {ergonomic}
    uintx NonProfiledCodeHeapSize                  = 122914074                              {pd product} {ergonomic}
    uintx ProfiledCodeHeapSize                     = 122914074                              {pd product} {ergonomic}
    uintx ReservedCodeCacheSize                    = 251658240                              {pd product} {ergonomic}
     bool SegmentedCodeCache                       = true                                      {product} {ergonomic}
     bool UseCompressedClassPointers               = true                                 {lp64_product} {ergonomic}
     bool UseCompressedOops                        = true                                 {lp64_product} {ergonomic}
     bool UseG1GC                                  = true                                      {product} {ergonomic}

Logging:
Log output configuration:
 #0: stdout all=warning uptime,level,tags
 #1: stderr all=off uptime,level,tags

Environment Variables:
PATH=/usr/bin:/bin:/usr/sbin:/sbin
SHELL=/bin/bash

Signal Handlers:
SIGSEGV: [libjvm.dylib+0x73f4e4], sa_mask[0]=11111111011111110111111111111111, sa_flags=SA_ONSTACK|SA_RESTART|SA_SIGINFO
SIGBUS: [libjvm.dylib+0x73f4e4], sa_mask[0]=11111111011111110111111111111111, sa_flags=SA_RESTART|SA_SIGINFO
SIGFPE: [libjvm.dylib+0x73f4e4], sa_mask[0]=11111111011111110111111111111111, sa_flags=SA_RESTART|SA_SIGINFO
SIGPIPE: [libjvm.dylib+0x5f2192], sa_mask[0]=11111111011111110111111111111111, sa_flags=SA_RESTART|SA_SIGINFO
SIGXFSZ: [libjvm.dylib+0x5f2192], sa_mask[0]=11111111011111110111111111111111, sa_flags=SA_RESTART|SA_SIGINFO
SIGILL: [libjvm.dylib+0x73f4e4], sa_mask[0]=11111111011111110111111111111111, sa_flags=SA_RESTART|SA_SIGINFO
SIGUSR2: [libjvm.dylib+0x5f2777], sa_mask[0]=00100000000000000000000000000000, sa_flags=SA_RESTART|SA_SIGINFO
SIGHUP: [libjvm.dylib+0x5f11d3], sa_mask[0]=11111111011111110111111111111111, sa_flags=SA_RESTART|SA_SIGINFO
SIGINT: [libjvm.dylib+0x5f11d3], sa_mask[0]=11111111011111110111111111111111, sa_flags=SA_RESTART|SA_SIGINFO
SIGTERM: [libjvm.dylib+0x5f11d3], sa_mask[0]=11111111011111110111111111111111, sa_flags=SA_RESTART|SA_SIGINFO
SIGQUIT: [libjvm.dylib+0x5f11d3], sa_mask[0]=11111111011111110111111111111111, sa_flags=SA_RESTART|SA_SIGINFO


---------------  S Y S T E M  ---------------

OS:uname:Darwin 17.7.0 Darwin Kernel Version 17.7.0: Thu Jun 21 22:53:14 PDT 2018; root:xnu-4570.71.2~1/RELEASE_X86_64 x86_64
rlimit: STACK 8192k, CORE 0k, NPROC 709, NOFILE 10240, AS infinity, DATA infinity, FSIZE infinity
load average:1.98 1.80 1.75

CPU:total 4 (initial active 4) (2 cores per cpu, 2 threads per core) family 6 model 61 stepping 4, cmov, cx8, fxsr, mmx, sse, sse2, sse3, ssse3, sse4.1, sse4.2, popcnt, avx, avx2, aes, clmul, erms, rtm, 3dnowpref, lzcnt, ht, tsc, tscinvbit, bmi1, bmi2, adx, fma

Memory: 4k page, physical 8388608k(40860k free)

vm_info: OpenJDK 64-Bit Server VM (11.0.2+9) for bsd-amd64 JRE (11.0.2+9), built on Jan 18 2019 08:16:22 by "mach5one" with gcc 4.2.1 Compatible Apple LLVM 9.1.0 (clang-902.0.39.2)

END.
